{
  "C:\\Users\\Andre\\Side Hustles\\AI Driven Prompt Generator\\js\\theme-toggle.js": {
    "path": "C:\\Users\\Andre\\Side Hustles\\AI Driven Prompt Generator\\js\\theme-toggle.js",
    "statementMap": {
      "0": { "start": { "line": 3, "column": 2 }, "end": { "line": 4, "column": 62 } },
      "1": { "start": { "line": 3, "column": 24 }, "end": { "line": 3, "column": 83 } },
      "2": { "start": { "line": 4, "column": 7 }, "end": { "line": 4, "column": 62 } },
      "3": { "start": { "line": 8, "column": 17 }, "end": { "line": 8, "column": 79 } },
      "4": { "start": { "line": 9, "column": 15 }, "end": { "line": 9, "column": 40 } },
      "5": { "start": { "line": 10, "column": 2 }, "end": { "line": 10, "column": 17 } },
      "6": { "start": { "line": 11, "column": 2 }, "end": { "line": 11, "column": 49 } },
      "7": { "start": { "line": 12, "column": 2 }, "end": { "line": 12, "column": 14 } },
      "8": { "start": { "line": 16, "column": 2 }, "end": { "line": 16, "column": 50 } },
      "9": { "start": { "line": 19, "column": 0 }, "end": { "line": 19, "column": 58 } }
    },
    "fnMap": {
      "0": {
        "name": "setTheme",
        "decl": { "start": { "line": 2, "column": 9 }, "end": { "line": 2, "column": 17 } },
        "loc": { "start": { "line": 2, "column": 25 }, "end": { "line": 5, "column": 1 } },
        "line": 2
      },
      "1": {
        "name": "toggleTheme",
        "decl": { "start": { "line": 7, "column": 9 }, "end": { "line": 7, "column": 20 } },
        "loc": { "start": { "line": 7, "column": 23 }, "end": { "line": 13, "column": 1 } },
        "line": 7
      },
      "2": {
        "name": "getSavedTheme",
        "decl": { "start": { "line": 15, "column": 9 }, "end": { "line": 15, "column": 22 } },
        "loc": { "start": { "line": 15, "column": 25 }, "end": { "line": 17, "column": 1 } },
        "line": 15
      }
    },
    "branchMap": {
      "0": {
        "loc": { "start": { "line": 3, "column": 2 }, "end": { "line": 4, "column": 62 } },
        "type": "if",
        "locations": [
          { "start": { "line": 3, "column": 2 }, "end": { "line": 4, "column": 62 } },
          { "start": { "line": 4, "column": 7 }, "end": { "line": 4, "column": 62 } }
        ],
        "line": 3
      },
      "1": {
        "loc": { "start": { "line": 9, "column": 15 }, "end": { "line": 9, "column": 40 } },
        "type": "cond-expr",
        "locations": [
          { "start": { "line": 9, "column": 24 }, "end": { "line": 9, "column": 31 } },
          { "start": { "line": 9, "column": 34 }, "end": { "line": 9, "column": 40 } }
        ],
        "line": 9
      }
    },
    "s": { "0": 5, "1": 2, "2": 3, "3": 2, "4": 2, "5": 2, "6": 2, "7": 2, "8": 1, "9": 1 },
    "f": { "0": 5, "1": 2, "2": 1 },
    "b": { "0": [2, 3], "1": [1, 1] },
    "_coverageSchema": "1a1c01bbd47fc00a2c39e90264f33305004495a9",
    "hash": "fa5a6ded61bedbfbef6032d82d08d4ab604861a5"
  }
}
